<?xml version="1.0" encoding="UTF-8"?>
<!-- Generated by org.testng.reporters.JUnitReportReporter -->
<testsuite hostname="DESKTOP-NOF0BO0" failures="0" tests="2" name="tests.SwinjiCourseCreation" time="4.108" errors="0" timestamp="2023-04-11T23:25:14 EET" skipped="0">
  <testcase classname="tests.SwinjiCourseCreation" name="signIn" time="3.924"/>
  <system-out/>
  <testcase classname="tests.SwinjiCourseCreation" name="CreateNewCourse" time="0.184"/>
  <system-out/>
</testsuite> <!-- tests.SwinjiCourseCreation -->
